Build started 15-4-2013 18:03:53.
     1>Project "C:\Users\Tim\Desktop\3dGraphics 2012\3dgraphicseindopdracht\3dgraphicseindopdracht\3dgraphicseindopdracht.vcxproj" on node 2 (Build target(s)).
     1>ClCompile:
         C:\Program Files (x86)\Microsoft Visual Studio 11.0\VC\bin\CL.exe /c /I..\freeglut\include /I..\include /I..\GLTools\Release /ZI /nologo /W3 /WX- /Od /Oy- /D WIN32 /D _DEBUG /D _CONSOLE /D _UNICODE /D UNICODE /Gm /EHsc /RTC1 /MDd /GS /fp:precise /Zc:wchar_t /Zc:forScope /Fo"Debug\\" /Fd"Debug\vc110.pdb" /Gd /TP /analyze- /errorReport:prompt main.cpp
         main.cpp
     1>c:\users\tim\desktop\3dgraphics 2012\3dgraphicseindopdracht\freeglut\include\gl\freeglut_std.h(108): warning C4005: 'FREEGLUT' : macro redefinition
                 c:\users\tim\desktop\3dgraphics 2012\3dgraphicseindopdracht\3dgraphicseindopdracht\bramsprimitives.h(15) : see previous definition of 'FREEGLUT'
     1>c:\users\tim\desktop\3dgraphics 2012\3dgraphicseindopdracht\3dgraphicseindopdracht\main.cpp(21): warning C4005: 'TEXTURE_COUNT' : macro redefinition
                 c:\users\tim\desktop\3dgraphics 2012\3dgraphicseindopdracht\3dgraphicseindopdracht\objmodel.h(11) : see previous definition of 'TEXTURE_COUNT'
     1>c:\users\tim\desktop\3dgraphics 2012\3dgraphicseindopdracht\3dgraphicseindopdracht\main.cpp(61): warning C4244: '=' : conversion from 'int' to 'float', possible loss of data
     1>c:\users\tim\desktop\3dgraphics 2012\3dgraphicseindopdracht\3dgraphicseindopdracht\main.cpp(62): warning C4244: '=' : conversion from 'int' to 'float', possible loss of data
     1>c:\users\tim\desktop\3dgraphics 2012\3dgraphicseindopdracht\3dgraphicseindopdracht\main.cpp(155): warning C4244: '+=' : conversion from 'double' to 'float', possible loss of data
     1>c:\users\tim\desktop\3dgraphics 2012\3dgraphicseindopdracht\3dgraphicseindopdracht\main.cpp(156): warning C4244: '+=' : conversion from 'double' to 'float', possible loss of data
     1>c:\users\tim\desktop\3dgraphics 2012\3dgraphicseindopdracht\3dgraphicseindopdracht\main.cpp(163): warning C4244: '-=' : conversion from 'double' to 'float', possible loss of data
     1>c:\users\tim\desktop\3dgraphics 2012\3dgraphicseindopdracht\3dgraphicseindopdracht\main.cpp(164): warning C4244: '-=' : conversion from 'double' to 'float', possible loss of data
     1>c:\users\tim\desktop\3dgraphics 2012\3dgraphicseindopdracht\3dgraphicseindopdracht\main.cpp(174): warning C4244: 'initializing' : conversion from 'float' to 'int', possible loss of data
     1>c:\users\tim\desktop\3dgraphics 2012\3dgraphicseindopdracht\3dgraphicseindopdracht\main.cpp(175): warning C4244: 'initializing' : conversion from 'float' to 'int', possible loss of data
     1>c:\users\tim\desktop\3dgraphics 2012\3dgraphicseindopdracht\3dgraphicseindopdracht\main.cpp(176): warning C4244: '=' : conversion from 'int' to 'float', possible loss of data
     1>c:\users\tim\desktop\3dgraphics 2012\3dgraphicseindopdracht\3dgraphicseindopdracht\main.cpp(177): warning C4244: '=' : conversion from 'int' to 'float', possible loss of data
       Link:
         C:\Program Files (x86)\Microsoft Visual Studio 11.0\VC\bin\link.exe /ERRORREPORT:PROMPT /OUT:"C:\Users\Tim\Desktop\3dGraphics 2012\3dgraphicseindopdracht\Debug\3dgraphicseindopdracht.exe" /INCREMENTAL /NOLOGO /LIBPATH:..\freeglut\lib /LIBPATH:..\GLTools\Release freeglut.lib opengl32.lib gltools.lib kernel32.lib user32.lib gdi32.lib winspool.lib comdlg32.lib advapi32.lib shell32.lib ole32.lib oleaut32.lib uuid.lib odbc32.lib odbccp32.lib kernel32.lib user32.lib gdi32.lib winspool.lib comdlg32.lib advapi32.lib shell32.lib ole32.lib oleaut32.lib uuid.lib odbc32.lib odbccp32.lib kernel32.lib user32.lib gdi32.lib winspool.lib comdlg32.lib advapi32.lib shell32.lib ole32.lib oleaut32.lib uuid.lib odbc32.lib odbccp32.lib /MANIFEST /MANIFESTUAC:"level='asInvoker' uiAccess='false'" /manifest:embed /DEBUG /PDB:"C:\Users\Tim\Desktop\3dGraphics 2012\3dgraphicseindopdracht\Debug\3dgraphicseindopdracht.pdb" /SUBSYSTEM:CONSOLE /TLBID:1 /DYNAMICBASE /NXCOMPAT /IMPLIB:"C:\Users\Tim\Desktop\3dGraphics 2012\3dgraphicseindopdracht\Debug\3dgraphicseindopdracht.lib" /MACHINE:X86 Debug\block.obj
         Debug\BramsPrimitives.obj
         Debug\LoadTGA.obj
         Debug\main.obj
         Debug\ObjModel.obj
         3dgraphicseindopdracht.vcxproj -> C:\Users\Tim\Desktop\3dGraphics 2012\3dgraphicseindopdracht\Debug\3dgraphicseindopdracht.exe
     1>Done Building Project "C:\Users\Tim\Desktop\3dGraphics 2012\3dgraphicseindopdracht\3dgraphicseindopdracht\3dgraphicseindopdracht.vcxproj" (Build target(s)).

Build succeeded.

Time Elapsed 00:00:01.41
